GROUP,PACKAGE,CLASS,INSTRUCTION_MISSED,INSTRUCTION_COVERED,BRANCH_MISSED,BRANCH_COVERED,LINE_MISSED,LINE_COVERED,COMPLEXITY_MISSED,COMPLEXITY_COVERED,METHOD_MISSED,METHOD_COVERED
s0,edu.brown.cs.student.main.Server,Server,35,0,0,0,12,0,3,0,3,0
s0,edu.brown.cs.student.main.Database.Creators,SubmittedCreators,18,0,0,0,6,0,3,0,3,0
s0,edu.brown.cs.student.main.Database.Creators,SpotifyCreators,3,0,0,0,1,0,1,0,1,0
s0,edu.brown.cs.student.main.Server.Handlers,CreatorHandler,63,0,0,0,14,0,2,0,2,0
s0,edu.brown.cs.student.main.Server.Handlers,BusinessHandler,31,0,0,0,6,0,2,0,2,0
